2022-06-12 13:23:58.696  WARN 27788 --- [HikariPool-1 housekeeper] com.zaxxer.hikari.pool.HikariPool        : HikariPool-1 - Thread starvation or clock leap detected (housekeeper delta=23h29m55s953ms392µs800ns).
2022-06-12 13:54:15.998  INFO 2632 --- [main] c.b.u.UserRegistrationJwtApplication     : Starting UserRegistrationJwtApplication using Java 1.8.0_181 on LAPTOP-PUULM6OO with PID 2632 (C:\Users\Mangesh\IdeaProjects\user-registration-jwt\target\classes started by Mangesh in C:\Users\Mangesh\IdeaProjects\user-registration-jwt)
2022-06-12 13:54:16.001 DEBUG 2632 --- [main] c.b.u.UserRegistrationJwtApplication     : Running with Spring Boot v2.7.0, Spring v5.3.20
2022-06-12 13:54:16.001  INFO 2632 --- [main] c.b.u.UserRegistrationJwtApplication     : The following 1 profile is active: "dev"
2022-06-12 13:54:19.282  WARN 2632 --- [main] JpaBaseConfiguration$JpaWebConfiguration : spring.jpa.open-in-view is enabled by default. Therefore, database queries may be performed during view rendering. Explicitly configure spring.jpa.open-in-view to disable this warning
2022-06-12 13:54:19.806  INFO 2632 --- [main] c.b.u.UserRegistrationJwtApplication     : Started UserRegistrationJwtApplication in 4.205 seconds (JVM running for 5.536)
2022-06-12 13:54:19.810  INFO 2632 --- [main] c.b.u.UserRegistrationJwtApplication     :   User Registration Jwt App Started
2022-06-12 13:54:19.811  INFO 2632 --- [main] c.b.u.UserRegistrationJwtApplication     : User Registration Jwt DB User is root 
2022-06-12 14:35:23.751  INFO 8440 --- [main] c.b.u.UserRegistrationJwtApplication     : Starting UserRegistrationJwtApplication using Java 1.8.0_181 on LAPTOP-PUULM6OO with PID 8440 (C:\Users\Mangesh\IdeaProjects\user-registration-jwt\target\classes started by Mangesh in C:\Users\Mangesh\IdeaProjects\user-registration-jwt)
2022-06-12 14:35:23.754 DEBUG 8440 --- [main] c.b.u.UserRegistrationJwtApplication     : Running with Spring Boot v2.7.0, Spring v5.3.20
2022-06-12 14:35:23.754  INFO 8440 --- [main] c.b.u.UserRegistrationJwtApplication     : The following 1 profile is active: "dev"
2022-06-12 14:35:26.770  WARN 8440 --- [main] JpaBaseConfiguration$JpaWebConfiguration : spring.jpa.open-in-view is enabled by default. Therefore, database queries may be performed during view rendering. Explicitly configure spring.jpa.open-in-view to disable this warning
2022-06-12 14:42:39.736  INFO 8912 --- [main] c.b.u.UserRegistrationJwtApplication     : Starting UserRegistrationJwtApplication using Java 1.8.0_181 on LAPTOP-PUULM6OO with PID 8912 (C:\Users\Mangesh\IdeaProjects\user-registration-jwt\target\classes started by Mangesh in C:\Users\Mangesh\IdeaProjects\user-registration-jwt)
2022-06-12 14:42:39.739 DEBUG 8912 --- [main] c.b.u.UserRegistrationJwtApplication     : Running with Spring Boot v2.7.0, Spring v5.3.20
2022-06-12 14:42:39.740  INFO 8912 --- [main] c.b.u.UserRegistrationJwtApplication     : The following 1 profile is active: "dev"
2022-06-12 14:42:42.341  WARN 8912 --- [main] JpaBaseConfiguration$JpaWebConfiguration : spring.jpa.open-in-view is enabled by default. Therefore, database queries may be performed during view rendering. Explicitly configure spring.jpa.open-in-view to disable this warning
2022-06-12 14:42:42.902  INFO 8912 --- [main] c.b.u.UserRegistrationJwtApplication     : Started UserRegistrationJwtApplication in 3.542 seconds (JVM running for 4.309)
2022-06-12 14:42:42.906  INFO 8912 --- [main] c.b.u.UserRegistrationJwtApplication     :   User Registration Jwt App Started
2022-06-12 14:42:42.907  INFO 8912 --- [main] c.b.u.UserRegistrationJwtApplication     : User Registration Jwt DB User is root 
2022-06-12 14:45:00.636  INFO 24280 --- [main] c.b.u.UserRegistrationJwtApplication     : Starting UserRegistrationJwtApplication using Java 1.8.0_181 on LAPTOP-PUULM6OO with PID 24280 (C:\Users\Mangesh\IdeaProjects\user-registration-jwt\target\classes started by Mangesh in C:\Users\Mangesh\IdeaProjects\user-registration-jwt)
2022-06-12 14:45:00.640 DEBUG 24280 --- [main] c.b.u.UserRegistrationJwtApplication     : Running with Spring Boot v2.7.0, Spring v5.3.20
2022-06-12 14:45:00.641  INFO 24280 --- [main] c.b.u.UserRegistrationJwtApplication     : The following 1 profile is active: "dev"
2022-06-12 14:45:03.701  WARN 24280 --- [main] JpaBaseConfiguration$JpaWebConfiguration : spring.jpa.open-in-view is enabled by default. Therefore, database queries may be performed during view rendering. Explicitly configure spring.jpa.open-in-view to disable this warning
2022-06-12 14:45:04.328  INFO 24280 --- [main] c.b.u.UserRegistrationJwtApplication     : Started UserRegistrationJwtApplication in 4.247 seconds (JVM running for 5.134)
2022-06-12 14:45:04.332  INFO 24280 --- [main] c.b.u.UserRegistrationJwtApplication     :   User Registration Jwt App Started
2022-06-12 14:45:04.333  INFO 24280 --- [main] c.b.u.UserRegistrationJwtApplication     : User Registration Jwt DB User is root 
2022-06-12 14:46:34.980  INFO 24280 --- [http-nio-8086-exec-7] c.b.u.controller.UserController          : inside userLogin Controller Method
2022-06-12 14:46:35.019 ERROR 24280 --- [http-nio-8086-exec-7] o.a.c.c.C.[.[.[/].[dispatcherServlet]    : Servlet.service() for servlet [dispatcherServlet] in context with path [] threw exception [Request processing failed; nested exception is java.lang.NullPointerException] with root cause

java.lang.NullPointerException: null
	at com.bridgelabz.userregistrationjwt.service.UserServiceImpl.getUserByEmail(UserServiceImpl.java:51) ~[classes/:na]
	at com.bridgelabz.userregistrationjwt.service.UserServiceImpl.loginUser(UserServiceImpl.java:33) ~[classes/:na]
	at com.bridgelabz.userregistrationjwt.controller.UserController.loginUser(UserController.java:30) ~[classes/:na]
	at sun.reflect.NativeMethodAccessorImpl.invoke0(Native Method) ~[na:1.8.0_181]
	at sun.reflect.NativeMethodAccessorImpl.invoke(NativeMethodAccessorImpl.java:62) ~[na:1.8.0_181]
	at sun.reflect.DelegatingMethodAccessorImpl.invoke(DelegatingMethodAccessorImpl.java:43) ~[na:1.8.0_181]
	at java.lang.reflect.Method.invoke(Method.java:498) ~[na:1.8.0_181]
	at org.springframework.web.method.support.InvocableHandlerMethod.doInvoke(InvocableHandlerMethod.java:205) ~[spring-web-5.3.20.jar:5.3.20]
	at org.springframework.web.method.support.InvocableHandlerMethod.invokeForRequest(InvocableHandlerMethod.java:150) ~[spring-web-5.3.20.jar:5.3.20]
	at org.springframework.web.servlet.mvc.method.annotation.ServletInvocableHandlerMethod.invokeAndHandle(ServletInvocableHandlerMethod.java:117) ~[spring-webmvc-5.3.20.jar:5.3.20]
	at org.springframework.web.servlet.mvc.method.annotation.RequestMappingHandlerAdapter.invokeHandlerMethod(RequestMappingHandlerAdapter.java:895) ~[spring-webmvc-5.3.20.jar:5.3.20]
	at org.springframework.web.servlet.mvc.method.annotation.RequestMappingHandlerAdapter.handleInternal(RequestMappingHandlerAdapter.java:808) ~[spring-webmvc-5.3.20.jar:5.3.20]
	at org.springframework.web.servlet.mvc.method.AbstractHandlerMethodAdapter.handle(AbstractHandlerMethodAdapter.java:87) ~[spring-webmvc-5.3.20.jar:5.3.20]
	at org.springframework.web.servlet.DispatcherServlet.doDispatch(DispatcherServlet.java:1067) ~[spring-webmvc-5.3.20.jar:5.3.20]
	at org.springframework.web.servlet.DispatcherServlet.doService(DispatcherServlet.java:963) ~[spring-webmvc-5.3.20.jar:5.3.20]
	at org.springframework.web.servlet.FrameworkServlet.processRequest(FrameworkServlet.java:1006) ~[spring-webmvc-5.3.20.jar:5.3.20]
	at org.springframework.web.servlet.FrameworkServlet.doPost(FrameworkServlet.java:909) ~[spring-webmvc-5.3.20.jar:5.3.20]
	at javax.servlet.http.HttpServlet.service(HttpServlet.java:681) ~[tomcat-embed-core-9.0.63.jar:4.0.FR]
	at org.springframework.web.servlet.FrameworkServlet.service(FrameworkServlet.java:883) ~[spring-webmvc-5.3.20.jar:5.3.20]
	at javax.servlet.http.HttpServlet.service(HttpServlet.java:764) ~[tomcat-embed-core-9.0.63.jar:4.0.FR]
	at org.apache.catalina.core.ApplicationFilterChain.internalDoFilter(ApplicationFilterChain.java:227) ~[tomcat-embed-core-9.0.63.jar:9.0.63]
	at org.apache.catalina.core.ApplicationFilterChain.doFilter(ApplicationFilterChain.java:162) ~[tomcat-embed-core-9.0.63.jar:9.0.63]
	at org.apache.tomcat.websocket.server.WsFilter.doFilter(WsFilter.java:53) ~[tomcat-embed-websocket-9.0.63.jar:9.0.63]
	at org.apache.catalina.core.ApplicationFilterChain.internalDoFilter(ApplicationFilterChain.java:189) ~[tomcat-embed-core-9.0.63.jar:9.0.63]
	at org.apache.catalina.core.ApplicationFilterChain.doFilter(ApplicationFilterChain.java:162) ~[tomcat-embed-core-9.0.63.jar:9.0.63]
	at org.springframework.web.filter.RequestContextFilter.doFilterInternal(RequestContextFilter.java:100) ~[spring-web-5.3.20.jar:5.3.20]
	at org.springframework.web.filter.OncePerRequestFilter.doFilter(OncePerRequestFilter.java:117) ~[spring-web-5.3.20.jar:5.3.20]
	at org.apache.catalina.core.ApplicationFilterChain.internalDoFilter(ApplicationFilterChain.java:189) ~[tomcat-embed-core-9.0.63.jar:9.0.63]
	at org.apache.catalina.core.ApplicationFilterChain.doFilter(ApplicationFilterChain.java:162) ~[tomcat-embed-core-9.0.63.jar:9.0.63]
	at org.springframework.web.filter.FormContentFilter.doFilterInternal(FormContentFilter.java:93) ~[spring-web-5.3.20.jar:5.3.20]
	at org.springframework.web.filter.OncePerRequestFilter.doFilter(OncePerRequestFilter.java:117) ~[spring-web-5.3.20.jar:5.3.20]
	at org.apache.catalina.core.ApplicationFilterChain.internalDoFilter(ApplicationFilterChain.java:189) ~[tomcat-embed-core-9.0.63.jar:9.0.63]
	at org.apache.catalina.core.ApplicationFilterChain.doFilter(ApplicationFilterChain.java:162) ~[tomcat-embed-core-9.0.63.jar:9.0.63]
	at org.springframework.web.filter.CharacterEncodingFilter.doFilterInternal(CharacterEncodingFilter.java:201) ~[spring-web-5.3.20.jar:5.3.20]
	at org.springframework.web.filter.OncePerRequestFilter.doFilter(OncePerRequestFilter.java:117) ~[spring-web-5.3.20.jar:5.3.20]
	at org.apache.catalina.core.ApplicationFilterChain.internalDoFilter(ApplicationFilterChain.java:189) ~[tomcat-embed-core-9.0.63.jar:9.0.63]
	at org.apache.catalina.core.ApplicationFilterChain.doFilter(ApplicationFilterChain.java:162) ~[tomcat-embed-core-9.0.63.jar:9.0.63]
	at org.apache.catalina.core.StandardWrapperValve.invoke(StandardWrapperValve.java:197) ~[tomcat-embed-core-9.0.63.jar:9.0.63]
	at org.apache.catalina.core.StandardContextValve.invoke(StandardContextValve.java:97) [tomcat-embed-core-9.0.63.jar:9.0.63]
	at org.apache.catalina.authenticator.AuthenticatorBase.invoke(AuthenticatorBase.java:541) [tomcat-embed-core-9.0.63.jar:9.0.63]
	at org.apache.catalina.core.StandardHostValve.invoke(StandardHostValve.java:135) [tomcat-embed-core-9.0.63.jar:9.0.63]
	at org.apache.catalina.valves.ErrorReportValve.invoke(ErrorReportValve.java:92) [tomcat-embed-core-9.0.63.jar:9.0.63]
	at org.apache.catalina.core.StandardEngineValve.invoke(StandardEngineValve.java:78) [tomcat-embed-core-9.0.63.jar:9.0.63]
	at org.apache.catalina.connector.CoyoteAdapter.service(CoyoteAdapter.java:360) [tomcat-embed-core-9.0.63.jar:9.0.63]
	at org.apache.coyote.http11.Http11Processor.service(Http11Processor.java:399) [tomcat-embed-core-9.0.63.jar:9.0.63]
	at org.apache.coyote.AbstractProcessorLight.process(AbstractProcessorLight.java:65) [tomcat-embed-core-9.0.63.jar:9.0.63]
	at org.apache.coyote.AbstractProtocol$ConnectionHandler.process(AbstractProtocol.java:890) [tomcat-embed-core-9.0.63.jar:9.0.63]
	at org.apache.tomcat.util.net.NioEndpoint$SocketProcessor.doRun(NioEndpoint.java:1743) [tomcat-embed-core-9.0.63.jar:9.0.63]
	at org.apache.tomcat.util.net.SocketProcessorBase.run(SocketProcessorBase.java:49) [tomcat-embed-core-9.0.63.jar:9.0.63]
	at org.apache.tomcat.util.threads.ThreadPoolExecutor.runWorker(ThreadPoolExecutor.java:1191) [tomcat-embed-core-9.0.63.jar:9.0.63]
	at org.apache.tomcat.util.threads.ThreadPoolExecutor$Worker.run(ThreadPoolExecutor.java:659) [tomcat-embed-core-9.0.63.jar:9.0.63]
	at org.apache.tomcat.util.threads.TaskThread$WrappingRunnable.run(TaskThread.java:61) [tomcat-embed-core-9.0.63.jar:9.0.63]
	at java.lang.Thread.run(Thread.java:748) [na:1.8.0_181]

2022-06-12 14:49:22.577  INFO 27516 --- [main] c.b.u.UserRegistrationJwtApplication     : Starting UserRegistrationJwtApplication using Java 1.8.0_181 on LAPTOP-PUULM6OO with PID 27516 (C:\Users\Mangesh\IdeaProjects\user-registration-jwt\target\classes started by Mangesh in C:\Users\Mangesh\IdeaProjects\user-registration-jwt)
2022-06-12 14:49:22.580 DEBUG 27516 --- [main] c.b.u.UserRegistrationJwtApplication     : Running with Spring Boot v2.7.0, Spring v5.3.20
2022-06-12 14:49:22.581  INFO 27516 --- [main] c.b.u.UserRegistrationJwtApplication     : The following 1 profile is active: "dev"
2022-06-12 14:49:25.159  WARN 27516 --- [main] JpaBaseConfiguration$JpaWebConfiguration : spring.jpa.open-in-view is enabled by default. Therefore, database queries may be performed during view rendering. Explicitly configure spring.jpa.open-in-view to disable this warning
2022-06-12 14:49:25.673  INFO 27516 --- [main] c.b.u.UserRegistrationJwtApplication     : Started UserRegistrationJwtApplication in 3.484 seconds (JVM running for 4.28)
2022-06-12 14:49:25.676  INFO 27516 --- [main] c.b.u.UserRegistrationJwtApplication     :   User Registration Jwt App Started
2022-06-12 14:49:25.677  INFO 27516 --- [main] c.b.u.UserRegistrationJwtApplication     : User Registration Jwt DB User is root 
2022-06-12 14:49:29.880  INFO 27516 --- [http-nio-8086-exec-2] c.b.u.controller.UserController          : inside userLogin Controller Method
2022-06-12 14:49:29.888 ERROR 27516 --- [http-nio-8086-exec-2] o.a.c.c.C.[.[.[/].[dispatcherServlet]    : Servlet.service() for servlet [dispatcherServlet] in context with path [] threw exception [Request processing failed; nested exception is java.lang.NullPointerException] with root cause

java.lang.NullPointerException: null
	at com.bridgelabz.userregistrationjwt.service.UserServiceImpl.getUserByEmail(UserServiceImpl.java:51) ~[classes/:na]
	at com.bridgelabz.userregistrationjwt.service.UserServiceImpl.loginUser(UserServiceImpl.java:33) ~[classes/:na]
	at com.bridgelabz.userregistrationjwt.controller.UserController.loginUser(UserController.java:30) ~[classes/:na]
	at sun.reflect.NativeMethodAccessorImpl.invoke0(Native Method) ~[na:1.8.0_181]
	at sun.reflect.NativeMethodAccessorImpl.invoke(NativeMethodAccessorImpl.java:62) ~[na:1.8.0_181]
	at sun.reflect.DelegatingMethodAccessorImpl.invoke(DelegatingMethodAccessorImpl.java:43) ~[na:1.8.0_181]
	at java.lang.reflect.Method.invoke(Method.java:498) ~[na:1.8.0_181]
	at org.springframework.web.method.support.InvocableHandlerMethod.doInvoke(InvocableHandlerMethod.java:205) ~[spring-web-5.3.20.jar:5.3.20]
	at org.springframework.web.method.support.InvocableHandlerMethod.invokeForRequest(InvocableHandlerMethod.java:150) ~[spring-web-5.3.20.jar:5.3.20]
	at org.springframework.web.servlet.mvc.method.annotation.ServletInvocableHandlerMethod.invokeAndHandle(ServletInvocableHandlerMethod.java:117) ~[spring-webmvc-5.3.20.jar:5.3.20]
	at org.springframework.web.servlet.mvc.method.annotation.RequestMappingHandlerAdapter.invokeHandlerMethod(RequestMappingHandlerAdapter.java:895) ~[spring-webmvc-5.3.20.jar:5.3.20]
	at org.springframework.web.servlet.mvc.method.annotation.RequestMappingHandlerAdapter.handleInternal(RequestMappingHandlerAdapter.java:808) ~[spring-webmvc-5.3.20.jar:5.3.20]
	at org.springframework.web.servlet.mvc.method.AbstractHandlerMethodAdapter.handle(AbstractHandlerMethodAdapter.java:87) ~[spring-webmvc-5.3.20.jar:5.3.20]
	at org.springframework.web.servlet.DispatcherServlet.doDispatch(DispatcherServlet.java:1067) ~[spring-webmvc-5.3.20.jar:5.3.20]
	at org.springframework.web.servlet.DispatcherServlet.doService(DispatcherServlet.java:963) ~[spring-webmvc-5.3.20.jar:5.3.20]
	at org.springframework.web.servlet.FrameworkServlet.processRequest(FrameworkServlet.java:1006) ~[spring-webmvc-5.3.20.jar:5.3.20]
	at org.springframework.web.servlet.FrameworkServlet.doPost(FrameworkServlet.java:909) ~[spring-webmvc-5.3.20.jar:5.3.20]
	at javax.servlet.http.HttpServlet.service(HttpServlet.java:681) ~[tomcat-embed-core-9.0.63.jar:4.0.FR]
	at org.springframework.web.servlet.FrameworkServlet.service(FrameworkServlet.java:883) ~[spring-webmvc-5.3.20.jar:5.3.20]
	at javax.servlet.http.HttpServlet.service(HttpServlet.java:764) ~[tomcat-embed-core-9.0.63.jar:4.0.FR]
	at org.apache.catalina.core.ApplicationFilterChain.internalDoFilter(ApplicationFilterChain.java:227) ~[tomcat-embed-core-9.0.63.jar:9.0.63]
	at org.apache.catalina.core.ApplicationFilterChain.doFilter(ApplicationFilterChain.java:162) ~[tomcat-embed-core-9.0.63.jar:9.0.63]
	at org.apache.tomcat.websocket.server.WsFilter.doFilter(WsFilter.java:53) ~[tomcat-embed-websocket-9.0.63.jar:9.0.63]
	at org.apache.catalina.core.ApplicationFilterChain.internalDoFilter(ApplicationFilterChain.java:189) ~[tomcat-embed-core-9.0.63.jar:9.0.63]
	at org.apache.catalina.core.ApplicationFilterChain.doFilter(ApplicationFilterChain.java:162) ~[tomcat-embed-core-9.0.63.jar:9.0.63]
	at org.springframework.web.filter.RequestContextFilter.doFilterInternal(RequestContextFilter.java:100) ~[spring-web-5.3.20.jar:5.3.20]
	at org.springframework.web.filter.OncePerRequestFilter.doFilter(OncePerRequestFilter.java:117) ~[spring-web-5.3.20.jar:5.3.20]
	at org.apache.catalina.core.ApplicationFilterChain.internalDoFilter(ApplicationFilterChain.java:189) ~[tomcat-embed-core-9.0.63.jar:9.0.63]
	at org.apache.catalina.core.ApplicationFilterChain.doFilter(ApplicationFilterChain.java:162) ~[tomcat-embed-core-9.0.63.jar:9.0.63]
	at org.springframework.web.filter.FormContentFilter.doFilterInternal(FormContentFilter.java:93) ~[spring-web-5.3.20.jar:5.3.20]
	at org.springframework.web.filter.OncePerRequestFilter.doFilter(OncePerRequestFilter.java:117) ~[spring-web-5.3.20.jar:5.3.20]
	at org.apache.catalina.core.ApplicationFilterChain.internalDoFilter(ApplicationFilterChain.java:189) ~[tomcat-embed-core-9.0.63.jar:9.0.63]
	at org.apache.catalina.core.ApplicationFilterChain.doFilter(ApplicationFilterChain.java:162) ~[tomcat-embed-core-9.0.63.jar:9.0.63]
	at org.springframework.web.filter.CharacterEncodingFilter.doFilterInternal(CharacterEncodingFilter.java:201) ~[spring-web-5.3.20.jar:5.3.20]
	at org.springframework.web.filter.OncePerRequestFilter.doFilter(OncePerRequestFilter.java:117) ~[spring-web-5.3.20.jar:5.3.20]
	at org.apache.catalina.core.ApplicationFilterChain.internalDoFilter(ApplicationFilterChain.java:189) ~[tomcat-embed-core-9.0.63.jar:9.0.63]
	at org.apache.catalina.core.ApplicationFilterChain.doFilter(ApplicationFilterChain.java:162) ~[tomcat-embed-core-9.0.63.jar:9.0.63]
	at org.apache.catalina.core.StandardWrapperValve.invoke(StandardWrapperValve.java:197) ~[tomcat-embed-core-9.0.63.jar:9.0.63]
	at org.apache.catalina.core.StandardContextValve.invoke(StandardContextValve.java:97) [tomcat-embed-core-9.0.63.jar:9.0.63]
	at org.apache.catalina.authenticator.AuthenticatorBase.invoke(AuthenticatorBase.java:541) [tomcat-embed-core-9.0.63.jar:9.0.63]
	at org.apache.catalina.core.StandardHostValve.invoke(StandardHostValve.java:135) [tomcat-embed-core-9.0.63.jar:9.0.63]
	at org.apache.catalina.valves.ErrorReportValve.invoke(ErrorReportValve.java:92) [tomcat-embed-core-9.0.63.jar:9.0.63]
	at org.apache.catalina.core.StandardEngineValve.invoke(StandardEngineValve.java:78) [tomcat-embed-core-9.0.63.jar:9.0.63]
	at org.apache.catalina.connector.CoyoteAdapter.service(CoyoteAdapter.java:360) [tomcat-embed-core-9.0.63.jar:9.0.63]
	at org.apache.coyote.http11.Http11Processor.service(Http11Processor.java:399) [tomcat-embed-core-9.0.63.jar:9.0.63]
	at org.apache.coyote.AbstractProcessorLight.process(AbstractProcessorLight.java:65) [tomcat-embed-core-9.0.63.jar:9.0.63]
	at org.apache.coyote.AbstractProtocol$ConnectionHandler.process(AbstractProtocol.java:890) [tomcat-embed-core-9.0.63.jar:9.0.63]
	at org.apache.tomcat.util.net.NioEndpoint$SocketProcessor.doRun(NioEndpoint.java:1743) [tomcat-embed-core-9.0.63.jar:9.0.63]
	at org.apache.tomcat.util.net.SocketProcessorBase.run(SocketProcessorBase.java:49) [tomcat-embed-core-9.0.63.jar:9.0.63]
	at org.apache.tomcat.util.threads.ThreadPoolExecutor.runWorker(ThreadPoolExecutor.java:1191) [tomcat-embed-core-9.0.63.jar:9.0.63]
	at org.apache.tomcat.util.threads.ThreadPoolExecutor$Worker.run(ThreadPoolExecutor.java:659) [tomcat-embed-core-9.0.63.jar:9.0.63]
	at org.apache.tomcat.util.threads.TaskThread$WrappingRunnable.run(TaskThread.java:61) [tomcat-embed-core-9.0.63.jar:9.0.63]
	at java.lang.Thread.run(Thread.java:748) [na:1.8.0_181]

2022-06-12 14:56:23.096  INFO 22720 --- [main] c.b.u.UserRegistrationJwtApplication     : Starting UserRegistrationJwtApplication using Java 1.8.0_181 on LAPTOP-PUULM6OO with PID 22720 (C:\Users\Mangesh\IdeaProjects\user-registration-jwt\target\classes started by Mangesh in C:\Users\Mangesh\IdeaProjects\user-registration-jwt)
2022-06-12 14:56:23.099 DEBUG 22720 --- [main] c.b.u.UserRegistrationJwtApplication     : Running with Spring Boot v2.7.0, Spring v5.3.20
2022-06-12 14:56:23.100  INFO 22720 --- [main] c.b.u.UserRegistrationJwtApplication     : The following 1 profile is active: "dev"
2022-06-12 14:56:26.338  WARN 22720 --- [main] JpaBaseConfiguration$JpaWebConfiguration : spring.jpa.open-in-view is enabled by default. Therefore, database queries may be performed during view rendering. Explicitly configure spring.jpa.open-in-view to disable this warning
2022-06-12 14:56:26.840  INFO 22720 --- [main] c.b.u.UserRegistrationJwtApplication     : Started UserRegistrationJwtApplication in 4.165 seconds (JVM running for 4.982)
2022-06-12 14:56:26.843  INFO 22720 --- [main] c.b.u.UserRegistrationJwtApplication     :   User Registration Jwt App Started
2022-06-12 14:56:26.844  INFO 22720 --- [main] c.b.u.UserRegistrationJwtApplication     : User Registration Jwt DB User is root 
2022-06-12 14:56:35.028  INFO 22720 --- [http-nio-8086-exec-1] c.b.u.controller.UserController          : inside userLogin Controller Method
2022-06-12 14:59:33.373  INFO 14944 --- [main] c.b.u.UserRegistrationJwtApplication     : Starting UserRegistrationJwtApplication using Java 1.8.0_181 on LAPTOP-PUULM6OO with PID 14944 (C:\Users\Mangesh\IdeaProjects\user-registration-jwt\target\classes started by Mangesh in C:\Users\Mangesh\IdeaProjects\user-registration-jwt)
2022-06-12 14:59:33.376 DEBUG 14944 --- [main] c.b.u.UserRegistrationJwtApplication     : Running with Spring Boot v2.7.0, Spring v5.3.20
2022-06-12 14:59:33.377  INFO 14944 --- [main] c.b.u.UserRegistrationJwtApplication     : The following 1 profile is active: "dev"
2022-06-12 14:59:36.253  WARN 14944 --- [main] JpaBaseConfiguration$JpaWebConfiguration : spring.jpa.open-in-view is enabled by default. Therefore, database queries may be performed during view rendering. Explicitly configure spring.jpa.open-in-view to disable this warning
2022-06-12 14:59:36.741  INFO 14944 --- [main] c.b.u.UserRegistrationJwtApplication     : Started UserRegistrationJwtApplication in 3.801 seconds (JVM running for 4.589)
2022-06-12 14:59:36.744  INFO 14944 --- [main] c.b.u.UserRegistrationJwtApplication     :   User Registration Jwt App Started
2022-06-12 14:59:36.745  INFO 14944 --- [main] c.b.u.UserRegistrationJwtApplication     : User Registration Jwt DB User is root 
2022-06-12 14:59:48.035  INFO 14944 --- [http-nio-8086-exec-1] c.b.u.controller.UserController          : inside userLogin Controller Method
2022-06-12 14:59:48.516  INFO 14944 --- [http-nio-8086-exec-1] c.b.u.service.UserServiceImpl            : LoginUser Service Method Successfully executed
2022-06-12 15:00:21.880  INFO 14944 --- [http-nio-8086-exec-5] c.b.u.controller.UserController          : inside userLogin Controller Method
2022-06-12 15:00:21.883  INFO 14944 --- [http-nio-8086-exec-5] c.b.u.service.UserServiceImpl            : LoginUser Service Method Successfully executed
2022-06-12 15:00:30.863  INFO 14944 --- [http-nio-8086-exec-4] c.b.u.controller.UserController          : inside userLogin Controller Method
2022-06-12 15:00:30.866  INFO 14944 --- [http-nio-8086-exec-4] c.b.u.service.UserServiceImpl            : LoginUser Service Method Successfully executed
